PADS Layout ECO Generator (Version 6.4v) 21/11/2021 6:55:39 p. m.
Restricted Copyright Siemens 2020. All Rights Reserved
Command line arguments:  -e C:\Users\gring\Documents\Diseño para mecatronicos\IC Shelter\Proyecto_Final\IC-Shelter\Log Files\ECOGEN.ERR -r p -a PCB,PART,NET,PIN
9 msec
2 msec
Reading the OLD DESIGN
There are 90 parts in the design
There are 78 signals in the design
There are 274 pins in the design
12 msec
Reading the NEW DESIGN
WARNING: Signal $1I22\$1I343\TX_RS485_EXT has 1 pins
WARNING: Signal $1I22\$1I343\RX_RS485_EXT has 1 pins
WARNING: Signal $1I22\$1I343\CON_RS485_EXT has 1 pins
WARNING: Signal $1I22\TX_RS485_LCD has 1 pins
WARNING: Signal $1I22\TX_RS485_EXT has 1 pins
WARNING: Signal $1I22\RX_RS485_LCD has 1 pins
WARNING: Signal $1I22\RX_RS485_EXT has 1 pins
WARNING: Signal $1I22\CON_RS485_EXT has 1 pins
WARNING: Signal $1I22\COM_RS485_LCD has 1 pins
WARNING: Signal $1N411 has 1 pins
WARNING: Signal $1N408 has 1 pins
There are 121 parts in the design
There are 103 signals in the design
There are 361 pins in the design
8 msec
Final cost=3376
Partitioning - 4 msec
Final Matching - 4 msec
Deleted pins: 0,  Added pins: 87
